<?xml version="1.0" encoding="UTF-8"?>
<testsuite xmlns:xsi="http://www.w3.org/2001/XMLSchema-instance" xsi:noNamespaceSchemaLocation="https://maven.apache.org/surefire/maven-surefire-plugin/xsd/surefire-test-report-3.0.xsd" version="3.0" name="aitelbhiri.gestionrh.GestionRessourceHumainesApplicationTests" time="10.914" tests="1" errors="0" skipped="0" failures="0">
  <properties>
[...]
</properties>
  <testcase name="contextLoads" classname="aitelbhiri.gestionrh.GestionRessourceHumainesApplicationTests" time="0.793">
    <system-out><![CDATA[18:05:11.011 [main] INFO org.springframework.test.context.support.AnnotationConfigContextLoaderUtils -- Could not detect default configuration classes for test class [aitelbhiri.gestionrh.GestionRessourceHumainesApplicationTests]: GestionRessourceHumainesApplicationTests does not declare any static, non-private, non-final, nested classes annotated with @Configuration.
18:05:11.129 [main] INFO org.springframework.boot.test.context.SpringBootTestContextBootstrapper -- Found @SpringBootConfiguration aitelbhiri.gestionrh.GestionRessourceHumainesApplication for test class aitelbhiri.gestionrh.GestionRessourceHumainesApplicationTests

  .   ____          _            __ _ _
 /\\ / ___'_ __ _ _(_)_ __  __ _ \ \ \ \
( ( )\___ | '_ | '_| | '_ \/ _` | \ \ \ \
 \\/  ___)| |_)| | | | | || (_| |  ) ) ) )
  '  |____| .__|_| |_|_| |_\__, | / / / /
 =========|_|==============|___/=/_/_/_/
 :: Spring Boot ::                (v3.1.2)

2024-12-28T18:05:11.760+01:00  INFO 20496 --- [           main] GestionRessourceHumainesApplicationTests : Starting GestionRessourceHumainesApplicationTests using Java 17.0.12 with PID 20496 (started by PC in C:\Server\Projet_Spring)
2024-12-28T18:05:11.761+01:00  INFO 20496 --- [           main] GestionRessourceHumainesApplicationTests : No active profile set, falling back to 1 default profile: "default"
2024-12-28T18:05:13.024+01:00  INFO 20496 --- [           main] .s.d.r.c.RepositoryConfigurationDelegate : Bootstrapping Spring Data JPA repositories in DEFAULT mode.
2024-12-28T18:05:13.176+01:00  INFO 20496 --- [           main] .s.d.r.c.RepositoryConfigurationDelegate : Finished Spring Data repository scanning in 143 ms. Found 16 JPA repository interfaces.
2024-12-28T18:05:14.020+01:00  INFO 20496 --- [           main] o.hibernate.jpa.internal.util.LogHelper  : HHH000204: Processing PersistenceUnitInfo [name: default]
2024-12-28T18:05:14.103+01:00  INFO 20496 --- [           main] org.hibernate.Version                    : HHH000412: Hibernate ORM core version 6.2.6.Final
2024-12-28T18:05:14.106+01:00  INFO 20496 --- [           main] org.hibernate.cfg.Environment            : HHH000406: Using bytecode reflection optimizer
2024-12-28T18:05:14.378+01:00  INFO 20496 --- [           main] o.h.b.i.BytecodeProviderInitiator        : HHH000021: Bytecode provider name : bytebuddy
2024-12-28T18:05:14.594+01:00  INFO 20496 --- [           main] o.s.o.j.p.SpringPersistenceUnitInfo      : No LoadTimeWeaver setup: ignoring JPA class transformer
2024-12-28T18:05:14.616+01:00  INFO 20496 --- [           main] com.zaxxer.hikari.HikariDataSource       : HikariPool-1 - Starting...
2024-12-28T18:05:15.055+01:00  INFO 20496 --- [           main] com.zaxxer.hikari.pool.HikariPool        : HikariPool-1 - Added connection com.mysql.cj.jdbc.ConnectionImpl@627acb38
2024-12-28T18:05:15.058+01:00  INFO 20496 --- [           main] com.zaxxer.hikari.HikariDataSource       : HikariPool-1 - Start completed.
2024-12-28T18:05:15.581+01:00  INFO 20496 --- [           main] o.h.b.i.BytecodeProviderInitiator        : HHH000021: Bytecode provider name : bytebuddy
2024-12-28T18:05:16.610+01:00  INFO 20496 --- [           main] o.h.e.t.j.p.i.JtaPlatformInitiator       : HHH000490: Using JtaPlatform implementation: [org.hibernate.engine.transaction.jta.platform.internal.NoJtaPlatform]
2024-12-28T18:05:17.193+01:00  INFO 20496 --- [           main] j.LocalContainerEntityManagerFactoryBean : Initialized JPA EntityManagerFactory for persistence unit 'default'
2024-12-28T18:05:17.610+01:00  INFO 20496 --- [           main] o.s.d.j.r.query.QueryEnhancerFactory     : Hibernate is in classpath; If applicable, HQL parser will be used.
2024-12-28T18:05:18.961+01:00  WARN 20496 --- [           main] JpaBaseConfiguration$JpaWebConfiguration : spring.jpa.open-in-view is enabled by default. Therefore, database queries may be performed during view rendering. Explicitly configure spring.jpa.open-in-view to disable this warning
2024-12-28T18:05:19.178+01:00  INFO 20496 --- [           main] o.s.s.web.DefaultSecurityFilterChain     : Will secure any request with [org.springframework.security.web.session.DisableEncodeUrlFilter@1e7f312, org.springframework.security.web.context.request.async.WebAsyncManagerIntegrationFilter@10387d6d, org.springframework.security.web.context.SecurityContextHolderFilter@ebd4486, org.springframework.security.web.header.HeaderWriterFilter@759fe679, org.springframework.security.web.authentication.logout.LogoutFilter@770635f8, aitelbhiri.gestionrh.security.AuthTokenFilter@46700301, org.springframework.security.web.savedrequest.RequestCacheAwareFilter@7d6f094e, org.springframework.security.web.servletapi.SecurityContextHolderAwareRequestFilter@6b886e86, org.springframework.security.web.authentication.AnonymousAuthenticationFilter@7fb539df, org.springframework.security.web.session.SessionManagementFilter@2a59a8fe, org.springframework.security.web.access.ExceptionTranslationFilter@7d91e9c9, org.springframework.security.web.access.intercept.AuthorizationFilter@630e5803]
2024-12-28T18:05:20.892+01:00  INFO 20496 --- [           main] GestionRessourceHumainesApplicationTests : Started GestionRessourceHumainesApplicationTests in 9.527 seconds (process running for 10.825)
]]></system-out>
  </testcase>
</testsuite>