<?xml version="1.0" encoding="UTF-8"?>
<testsuite xmlns:xsi="http://www.w3.org/2001/XMLSchema-instance" xsi:noNamespaceSchemaLocation="https://maven.apache.org/surefire/maven-surefire-plugin/xsd/surefire-test-report-3.0.xsd" version="3.0" name="aitelbhiri.gestionrh.GestionRessourceHumainesApplicationTests" time="12.758" tests="1" errors="0" skipped="0" failures="0">
  <properties>
[...]
</properties>
  <testcase name="contextLoads" classname="aitelbhiri.gestionrh.GestionRessourceHumainesApplicationTests" time="0.75">
    <system-out><![CDATA[11:07:05.998 [main] INFO org.springframework.test.context.support.AnnotationConfigContextLoaderUtils -- Could not detect default configuration classes for test class [aitelbhiri.gestionrh.GestionRessourceHumainesApplicationTests]: GestionRessourceHumainesApplicationTests does not declare any static, non-private, non-final, nested classes annotated with @Configuration.
11:07:06.151 [main] INFO org.springframework.boot.test.context.SpringBootTestContextBootstrapper -- Found @SpringBootConfiguration aitelbhiri.gestionrh.GestionRessourceHumainesApplication for test class aitelbhiri.gestionrh.GestionRessourceHumainesApplicationTests

  .   ____          _            __ _ _
 /\\ / ___'_ __ _ _(_)_ __  __ _ \ \ \ \
( ( )\___ | '_ | '_| | '_ \/ _` | \ \ \ \
 \\/  ___)| |_)| | | | | || (_| |  ) ) ) )
  '  |____| .__|_| |_|_| |_\__, | / / / /
 =========|_|==============|___/=/_/_/_/
 :: Spring Boot ::                (v3.1.2)

2024-12-26T11:07:06.853+01:00  INFO 6408 --- [           main] GestionRessourceHumainesApplicationTests : Starting GestionRessourceHumainesApplicationTests using Java 17.0.12 with PID 6408 (started by PC in C:\Server\Projet_Spring)
2024-12-26T11:07:06.855+01:00  INFO 6408 --- [           main] GestionRessourceHumainesApplicationTests : No active profile set, falling back to 1 default profile: "default"
2024-12-26T11:07:08.272+01:00  INFO 6408 --- [           main] .s.d.r.c.RepositoryConfigurationDelegate : Bootstrapping Spring Data JPA repositories in DEFAULT mode.
2024-12-26T11:07:08.430+01:00  INFO 6408 --- [           main] .s.d.r.c.RepositoryConfigurationDelegate : Finished Spring Data repository scanning in 148 ms. Found 16 JPA repository interfaces.
2024-12-26T11:07:09.354+01:00  INFO 6408 --- [           main] o.hibernate.jpa.internal.util.LogHelper  : HHH000204: Processing PersistenceUnitInfo [name: default]
2024-12-26T11:07:09.519+01:00  INFO 6408 --- [           main] org.hibernate.Version                    : HHH000412: Hibernate ORM core version 6.2.6.Final
2024-12-26T11:07:09.523+01:00  INFO 6408 --- [           main] org.hibernate.cfg.Environment            : HHH000406: Using bytecode reflection optimizer
2024-12-26T11:07:09.822+01:00  INFO 6408 --- [           main] o.h.b.i.BytecodeProviderInitiator        : HHH000021: Bytecode provider name : bytebuddy
2024-12-26T11:07:10.057+01:00  INFO 6408 --- [           main] o.s.o.j.p.SpringPersistenceUnitInfo      : No LoadTimeWeaver setup: ignoring JPA class transformer
2024-12-26T11:07:10.084+01:00  INFO 6408 --- [           main] com.zaxxer.hikari.HikariDataSource       : HikariPool-1 - Starting...
2024-12-26T11:07:10.735+01:00  INFO 6408 --- [           main] com.zaxxer.hikari.pool.HikariPool        : HikariPool-1 - Added connection com.mysql.cj.jdbc.ConnectionImpl@1acc873b
2024-12-26T11:07:10.739+01:00  INFO 6408 --- [           main] com.zaxxer.hikari.HikariDataSource       : HikariPool-1 - Start completed.
2024-12-26T11:07:11.382+01:00  INFO 6408 --- [           main] o.h.b.i.BytecodeProviderInitiator        : HHH000021: Bytecode provider name : bytebuddy
2024-12-26T11:07:12.491+01:00  INFO 6408 --- [           main] o.h.e.t.j.p.i.JtaPlatformInitiator       : HHH000490: Using JtaPlatform implementation: [org.hibernate.engine.transaction.jta.platform.internal.NoJtaPlatform]
2024-12-26T11:07:13.123+01:00  INFO 6408 --- [           main] j.LocalContainerEntityManagerFactoryBean : Initialized JPA EntityManagerFactory for persistence unit 'default'
2024-12-26T11:07:13.647+01:00  INFO 6408 --- [           main] o.s.d.j.r.query.QueryEnhancerFactory     : Hibernate is in classpath; If applicable, HQL parser will be used.
2024-12-26T11:07:15.344+01:00  WARN 6408 --- [           main] JpaBaseConfiguration$JpaWebConfiguration : spring.jpa.open-in-view is enabled by default. Therefore, database queries may be performed during view rendering. Explicitly configure spring.jpa.open-in-view to disable this warning
2024-12-26T11:07:15.607+01:00  INFO 6408 --- [           main] o.s.s.web.DefaultSecurityFilterChain     : Will secure any request with [org.springframework.security.web.session.DisableEncodeUrlFilter@73ffe7b0, org.springframework.security.web.context.request.async.WebAsyncManagerIntegrationFilter@60dd53e9, org.springframework.security.web.context.SecurityContextHolderFilter@340fd670, org.springframework.security.web.header.HeaderWriterFilter@4fb53b76, org.springframework.security.web.authentication.logout.LogoutFilter@53fd061d, aitelbhiri.gestionrh.security.AuthTokenFilter@6321e29b, org.springframework.security.web.savedrequest.RequestCacheAwareFilter@118932fe, org.springframework.security.web.servletapi.SecurityContextHolderAwareRequestFilter@7153995c, org.springframework.security.web.authentication.AnonymousAuthenticationFilter@eb7d4ba, org.springframework.security.web.session.SessionManagementFilter@52a9c251, org.springframework.security.web.access.ExceptionTranslationFilter@48b53f3d, org.springframework.security.web.access.intercept.AuthorizationFilter@742ce3ad]
2024-12-26T11:07:17.706+01:00  INFO 6408 --- [           main] GestionRessourceHumainesApplicationTests : Started GestionRessourceHumainesApplicationTests in 11.295 seconds (process running for 12.66)
]]></system-out>
  </testcase>
</testsuite>